
Cell sky130_fd_pr__res_generic_m5 disconnected node: end_a
Cell sky130_fd_pr__res_generic_m5 disconnected node: end_b
Equate elements:  no current cell.

Subcircuit summary:
Circuit 1: MOM_capacitor.spice             |Circuit 2: MOM_capacitor_LVS.spice         
-------------------------------------------|-------------------------------------------
sky130_fd_pr__res_generic_m5 (2)           |sky130_fd_pr__res_generic_m5 (2)           
Number of devices: 2                       |Number of devices: 2                       
Number of nets: 4                          |Number of nets: 4                          
---------------------------------------------------------------------------------------
NET mismatches: Class fragments follow (with fanout counts):
Circuit 1: MOM_capacitor.spice             |Circuit 2: MOM_capacitor_LVS.spice         

---------------------------------------------------------------------------------------
(no matching net)                          |Net: out                                   
                                           |  sky130_fd_pr__res_generic_m5/(end_a|end_ 
                                           |                                           
(no matching net)                          |Net: out_dummy                             
                                           |  sky130_fd_pr__res_generic_m5/(end_a|end_ 
                                           |                                           
(no matching net)                          |Net: in_dummy                              
                                           |  sky130_fd_pr__res_generic_m5/(end_a|end_ 
                                           |                                           
(no matching net)                          |Net: in                                    
                                           |  sky130_fd_pr__res_generic_m5/(end_a|end_ 
---------------------------------------------------------------------------------------
Netlists do not match.
Netlists do not match.
