Warning: Equate pins:  cell sky130_fd_pr__nfet_01v8_lvt has no definition, treated as a black box.
Warning: Equate pins:  cell sky130_fd_pr__nfet_01v8_lvt has no definition, treated as a black box.

Subcircuit pins:
Circuit 1: sky130_fd_pr__nfet_01v8_lvt     |Circuit 2: sky130_fd_pr__nfet_01v8_lvt     
-------------------------------------------|-------------------------------------------
1                                          |1                                          
2                                          |2                                          
3                                          |3                                          
4                                          |4                                          
---------------------------------------------------------------------------------------
Cell pin lists are equivalent.
Device classes sky130_fd_pr__nfet_01v8_lvt and sky130_fd_pr__nfet_01v8_lvt are equivalent.
Warning: Equate pins:  cell sky130_fd_pr__res_xhigh_po has no definition, treated as a black box.
Warning: Equate pins:  cell sky130_fd_pr__res_xhigh_po has no definition, treated as a black box.

Subcircuit pins:
Circuit 1: sky130_fd_pr__res_xhigh_po      |Circuit 2: sky130_fd_pr__res_xhigh_po      
-------------------------------------------|-------------------------------------------
1                                          |1                                          
2                                          |2                                          
3                                          |3                                          
---------------------------------------------------------------------------------------
Cell pin lists are equivalent.
Device classes sky130_fd_pr__res_xhigh_po and sky130_fd_pr__res_xhigh_po are equivalent.

Cell sky130_fd_pr__res_generic_m5 disconnected node: end_a
Cell sky130_fd_pr__res_generic_m5 disconnected node: end_b
Warning: Equate pins:  cell sky130_fd_pr__res_generic_m5 has no definition, treated as a black box.

Subcircuit pins:
Circuit 1: sky130_fd_pr__res_generic_m5    |Circuit 2: sky130_fd_pr__res_generic_m5    
-------------------------------------------|-------------------------------------------
(no matching pin)                          |end_a                                      
(no matching pin)                          |end_b                                      
1                                          |(no matching pin)                          
2                                          |(no matching pin)                          
---------------------------------------------------------------------------------------
Cell pin lists are equivalent.
Device classes sky130_fd_pr__res_generic_m5 and sky130_fd_pr__res_generic_m5 are equivalent.

Cell RF_switch disconnected node: /Enable

Cell Switch disconnected node: /Enable
Class Switch:  Merged 72 devices.

Cell RF_switch disconnected node: /Enable

Cell Switch disconnected node: /Enable

Subcircuit summary:
Circuit 1: RF_switch                       |Circuit 2: Switch                          
-------------------------------------------|-------------------------------------------
sky130_fd_pr__nfet_01v8_lvt (4)            |sky130_fd_pr__nfet_01v8_lvt (4)            
sky130_fd_pr__res_xhigh_po (4)             |sky130_fd_pr__res_xhigh_po (4)             
sky130_fd_pr__res_generic_m5 (2)           |sky130_fd_pr__res_generic_m5 (2)           
Number of devices: 10                      |Number of devices: 10                      
Number of nets: 13 **Mismatch**            |Number of nets: 14 **Mismatch**            
---------------------------------------------------------------------------------------
NET mismatches: Class fragments follow (with fanout counts):
Circuit 1: RF_switch                       |Circuit 2: Switch                          

---------------------------------------------------------------------------------------
Net: Gnd                                   |Net: Gnd                                   
  sky130_fd_pr__nfet_01v8_lvt/(1|3) = 4    |  sky130_fd_pr__nfet_01v8_lvt/(1|3) = 4    
  sky130_fd_pr__nfet_01v8_lvt/4 = 4        |                                           
  sky130_fd_pr__res_xhigh_po/3 = 4         |                                           
                                           |                                           
(no matching net)                          |Net: a_n20687_21911#                       
                                           |  sky130_fd_pr__nfet_01v8_lvt/4 = 4        
                                           |  sky130_fd_pr__res_xhigh_po/3 = 4         
---------------------------------------------------------------------------------------

---------------------------------------------------------------------------------------
Net: dummy_43                              |(no matching net)                          
  sky130_fd_pr__res_generic_m5/proxyend_b  |                                           
                                           |                                           
Net: dummy_42                              |(no matching net)                          
  sky130_fd_pr__res_generic_m5/proxyend_a  |                                           
                                           |                                           
Net: dummy_41                              |(no matching net)                          
  sky130_fd_pr__res_generic_m5/proxyend_b  |                                           
                                           |                                           
Net: dummy_40                              |(no matching net)                          
  sky130_fd_pr__res_generic_m5/proxyend_a  |                                           
                                           |                                           
Net: Port3                                 |(no matching net)                          
  sky130_fd_pr__res_generic_m5/2 = 1       |                                           
                                           |                                           
Net: Port1                                 |(no matching net)                          
  sky130_fd_pr__res_generic_m5/1 = 1       |                                           
---------------------------------------------------------------------------------------

---------------------------------------------------------------------------------------
Net: Port2                                 |Net: Port2                                 
  sky130_fd_pr__nfet_01v8_lvt/(1|3) = 4    |  sky130_fd_pr__nfet_01v8_lvt/(1|3) = 4    
  sky130_fd_pr__res_generic_m5/2 = 1       |  sky130_fd_pr__res_generic_m5/(end_a|end_ 
  sky130_fd_pr__res_generic_m5/1 = 1       |                                           
---------------------------------------------------------------------------------------
DEVICE mismatches: Class fragments follow (with node fanout counts):
Circuit 1: RF_switch                       |Circuit 2: Switch                          

---------------------------------------------------------------------------------------
Instance: sky130_fd_pr__res_generic_m5R19  |(no matching instance)                     
  1 = 6                                    |                                           
  2 = 1                                    |                                           
  proxyend_a = 1                           |                                           
  proxyend_b = 1                           |                                           
                                           |                                           
Instance: sky130_fd_pr__res_generic_m5R18  |(no matching instance)                     
  1 = 1                                    |                                           
  2 = 6                                    |                                           
  proxyend_a = 1                           |                                           
  proxyend_b = 1                           |                                           
---------------------------------------------------------------------------------------
Netlists do not match.
Netlists do not match.
